Watching for file changes with StatReloader
Start processing
End processing
Start processing
End processing
D:\django_goiteens\lesson1_part2\shop\shop\settings.py changed, reloading.
[2025-06-30 18:50:32,137 INFO django.utils.autoreload (autoreload:668) - Watching for file changes with StatReloader]
[2025-06-30 18:50:35,184 DEBUG market.views (views:36) - Start processing]
[2025-06-30 18:50:35,184 INFO market.views (views:40) - End processing]
[2025-06-30 18:55:33,529 INFO django.utils.autoreload (autoreload:668) - Watching for file changes with StatReloader]
[2025-06-30 18:55:38,128 DEBUG market.views (views:36) - Start processing]
[2025-06-30 18:55:38,128 INFO market.views (views:40) - End processing]
[2025-08-04 15:34:06,355 INFO django.utils.autoreload (autoreload:668) - Watching for file changes with StatReloader]
[2025-08-04 15:44:06,334 INFO django.utils.autoreload (autoreload:668) - Watching for file changes with StatReloader]
[2025-08-04 16:02:10,215 INFO django.utils.autoreload (autoreload:668) - Watching for file changes with StatReloader]
[2025-08-04 16:02:30,639 INFO django.utils.autoreload (autoreload:668) - Watching for file changes with StatReloader]
[2025-08-04 16:02:39,685 INFO django.utils.autoreload (autoreload:668) - Watching for file changes with StatReloader]
[2025-08-04 16:03:04,185 INFO django.utils.autoreload (autoreload:668) - Watching for file changes with StatReloader]
[2025-08-04 16:04:26,554 INFO django.utils.autoreload (autoreload:668) - Watching for file changes with StatReloader]
[2025-08-04 16:04:57,397 INFO django.utils.autoreload (autoreload:668) - Watching for file changes with StatReloader]
[2025-08-04 16:05:47,332 INFO django.utils.autoreload (autoreload:668) - Watching for file changes with StatReloader]
[2025-08-04 16:09:47,113 INFO django.utils.autoreload (autoreload:668) - Watching for file changes with StatReloader]
[2025-08-04 16:09:51,019 DEBUG market.views (views:36) - Start processing]
[2025-08-04 16:09:51,019 INFO market.views (views:40) - End processing]
[2025-08-04 16:09:51,452 WARNING django.request (log:248) - Not Found: /favicon.ico]
